Determining if the pthread_create exist failed with the following output:
Change Dir: /home/zyvv/work/Rosprj/catkin/build/CMakeFiles/CMakeTmp

Run Build Command:"/usr/bin/make" "cmTC_410b7/fast"
/usr/bin/make -f CMakeFiles/cmTC_410b7.dir/build.make CMakeFiles/cmTC_410b7.dir/build
make[1]: Entering directory '/home/zyvv/work/Rosprj/catkin/build/CMakeFiles/CMakeTmp'
Building C object CMakeFiles/cmTC_410b7.dir/CheckSymbolExists.c.o
/usr/bin/cc     -o CMakeFiles/cmTC_410b7.dir/CheckSymbolExists.c.o   -c /home/zyvv/work/Rosprj/catkin/build/CMakeFiles/CMakeTmp/CheckSymbolExists.c
Linking C executable cmTC_410b7
/usr/bin/cmake -E cmake_link_script CMakeFiles/cmTC_410b7.dir/link.txt --verbose=1
/usr/bin/cc       CMakeFiles/cmTC_410b7.dir/CheckSymbolExists.c.o  -o cmTC_410b7 -rdynamic 
CMakeFiles/cmTC_410b7.dir/CheckSymbolExists.c.o：在函数‘main’中：
CheckSymbolExists.c:(.text+0x16)：对‘pthread_create’未定义的引用
collect2: error: ld returned 1 exit status
CMakeFiles/cmTC_410b7.dir/build.make:97: recipe for target 'cmTC_410b7' failed
make[1]: *** [cmTC_410b7] Error 1
make[1]: Leaving directory '/home/zyvv/work/Rosprj/catkin/build/CMakeFiles/CMakeTmp'
Makefile:126: recipe for target 'cmTC_410b7/fast' failed
make: *** [cmTC_410b7/fast] Error 2

File /home/zyvv/work/Rosprj/catkin/build/CMakeFiles/CMakeTmp/CheckSymbolExists.c:
/* */
#include <pthread.h>

int main(int argc, char** argv)
{
  (void)argv;
#ifndef pthread_create
  return ((int*)(&pthread_create))[argc];
#else
  (void)argc;
  return 0;
#endif
}

Determining if the function pthread_create exists in the pthreads failed with the following output:
Change Dir: /home/zyvv/work/Rosprj/catkin/build/CMakeFiles/CMakeTmp

Run Build Command:"/usr/bin/make" "cmTC_83cba/fast"
/usr/bin/make -f CMakeFiles/cmTC_83cba.dir/build.make CMakeFiles/cmTC_83cba.dir/build
make[1]: Entering directory '/home/zyvv/work/Rosprj/catkin/build/CMakeFiles/CMakeTmp'
Building C object CMakeFiles/cmTC_83cba.dir/CheckFunctionExists.c.o
/usr/bin/cc    -DCHECK_FUNCTION_EXISTS=pthread_create   -o CMakeFiles/cmTC_83cba.dir/CheckFunctionExists.c.o   -c /usr/share/cmake-3.5/Modules/CheckFunctionExists.c
Linking C executable cmTC_83cba
/usr/bin/cmake -E cmake_link_script CMakeFiles/cmTC_83cba.dir/link.txt --verbose=1
/usr/bin/cc   -DCHECK_FUNCTION_EXISTS=pthread_create    CMakeFiles/cmTC_83cba.dir/CheckFunctionExists.c.o  -o cmTC_83cba -rdynamic -lpthreads 
/usr/bin/ld: 找不到 -lpthreads
collect2: error: ld returned 1 exit status
CMakeFiles/cmTC_83cba.dir/build.make:97: recipe for target 'cmTC_83cba' failed
make[1]: *** [cmTC_83cba] Error 1
make[1]: Leaving directory '/home/zyvv/work/Rosprj/catkin/build/CMakeFiles/CMakeTmp'
Makefile:126: recipe for target 'cmTC_83cba/fast' failed
make: *** [cmTC_83cba/fast] Error 2


Determining if the Q_WS_WIN exist failed with the following output:
Change Dir: /home/zyvv/work/Rosprj/catkin/build/CMakeFiles/CMakeTmp

Run Build Command:"/usr/bin/make" "cmTC_c9b65/fast"
make[1]: Entering directory '/home/zyvv/work/Rosprj/catkin/build/CMakeFiles/CMakeTmp'
/usr/bin/make -f CMakeFiles/cmTC_c9b65.dir/build.make CMakeFiles/cmTC_c9b65.dir/build
make[2]: Entering directory '/home/zyvv/work/Rosprj/catkin/build/CMakeFiles/CMakeTmp'
Building CXX object CMakeFiles/cmTC_c9b65.dir/CheckSymbolExists.cxx.o
/usr/bin/c++    -I/usr/include/qt4   -o CMakeFiles/cmTC_c9b65.dir/CheckSymbolExists.cxx.o -c /home/zyvv/work/Rosprj/catkin/build/CMakeFiles/CMakeTmp/CheckSymbolExists.cxx
/home/zyvv/work/Rosprj/catkin/build/CMakeFiles/CMakeTmp/CheckSymbolExists.cxx: In function 'int main(int, char**)':
/home/zyvv/work/Rosprj/catkin/build/CMakeFiles/CMakeTmp/CheckSymbolExists.cxx:8:19: error: 'Q_WS_WIN' was not declared in this scope
   return ((int*)(&Q_WS_WIN))[argc];
                   ^
CMakeFiles/cmTC_c9b65.dir/build.make:65: recipe for target 'CMakeFiles/cmTC_c9b65.dir/CheckSymbolExists.cxx.o' failed
make[2]: *** [CMakeFiles/cmTC_c9b65.dir/CheckSymbolExists.cxx.o] Error 1
make[2]: Leaving directory '/home/zyvv/work/Rosprj/catkin/build/CMakeFiles/CMakeTmp'
Makefile:126: recipe for target 'cmTC_c9b65/fast' failed
make[1]: *** [cmTC_c9b65/fast] Error 2
make[1]: Leaving directory '/home/zyvv/work/Rosprj/catkin/build/CMakeFiles/CMakeTmp'

File /home/zyvv/work/Rosprj/catkin/build/CMakeFiles/CMakeTmp/CheckSymbolExists.cxx:
/* */
#include <QtCore/qglobal.h>

int main(int argc, char** argv)
{
  (void)argv;
#ifndef Q_WS_WIN
  return ((int*)(&Q_WS_WIN))[argc];
#else
  (void)argc;
  return 0;
#endif
}

Determining if the Q_WS_QWS exist failed with the following output:
Change Dir: /home/zyvv/work/Rosprj/catkin/build/CMakeFiles/CMakeTmp

Run Build Command:"/usr/bin/make" "cmTC_88c49/fast"
make[1]: Entering directory '/home/zyvv/work/Rosprj/catkin/build/CMakeFiles/CMakeTmp'
/usr/bin/make -f CMakeFiles/cmTC_88c49.dir/build.make CMakeFiles/cmTC_88c49.dir/build
make[2]: Entering directory '/home/zyvv/work/Rosprj/catkin/build/CMakeFiles/CMakeTmp'
Building CXX object CMakeFiles/cmTC_88c49.dir/CheckSymbolExists.cxx.o
/usr/bin/c++    -I/usr/include/qt4   -o CMakeFiles/cmTC_88c49.dir/CheckSymbolExists.cxx.o -c /home/zyvv/work/Rosprj/catkin/build/CMakeFiles/CMakeTmp/CheckSymbolExists.cxx
/home/zyvv/work/Rosprj/catkin/build/CMakeFiles/CMakeTmp/CheckSymbolExists.cxx: In function 'int main(int, char**)':
/home/zyvv/work/Rosprj/catkin/build/CMakeFiles/CMakeTmp/CheckSymbolExists.cxx:8:19: error: 'Q_WS_QWS' was not declared in this scope
   return ((int*)(&Q_WS_QWS))[argc];
                   ^
CMakeFiles/cmTC_88c49.dir/build.make:65: recipe for target 'CMakeFiles/cmTC_88c49.dir/CheckSymbolExists.cxx.o' failed
make[2]: *** [CMakeFiles/cmTC_88c49.dir/CheckSymbolExists.cxx.o] Error 1
make[2]: Leaving directory '/home/zyvv/work/Rosprj/catkin/build/CMakeFiles/CMakeTmp'
Makefile:126: recipe for target 'cmTC_88c49/fast' failed
make[1]: *** [cmTC_88c49/fast] Error 2
make[1]: Leaving directory '/home/zyvv/work/Rosprj/catkin/build/CMakeFiles/CMakeTmp'

File /home/zyvv/work/Rosprj/catkin/build/CMakeFiles/CMakeTmp/CheckSymbolExists.cxx:
/* */
#include <QtCore/qglobal.h>

int main(int argc, char** argv)
{
  (void)argv;
#ifndef Q_WS_QWS
  return ((int*)(&Q_WS_QWS))[argc];
#else
  (void)argc;
  return 0;
#endif
}

Determining if the Q_WS_MAC exist failed with the following output:
Change Dir: /home/zyvv/work/Rosprj/catkin/build/CMakeFiles/CMakeTmp

Run Build Command:"/usr/bin/make" "cmTC_afc4d/fast"
make[1]: Entering directory '/home/zyvv/work/Rosprj/catkin/build/CMakeFiles/CMakeTmp'
/usr/bin/make -f CMakeFiles/cmTC_afc4d.dir/build.make CMakeFiles/cmTC_afc4d.dir/build
make[2]: Entering directory '/home/zyvv/work/Rosprj/catkin/build/CMakeFiles/CMakeTmp'
Building CXX object CMakeFiles/cmTC_afc4d.dir/CheckSymbolExists.cxx.o
/usr/bin/c++    -I/usr/include/qt4   -o CMakeFiles/cmTC_afc4d.dir/CheckSymbolExists.cxx.o -c /home/zyvv/work/Rosprj/catkin/build/CMakeFiles/CMakeTmp/CheckSymbolExists.cxx
/home/zyvv/work/Rosprj/catkin/build/CMakeFiles/CMakeTmp/CheckSymbolExists.cxx: In function 'int main(int, char**)':
/home/zyvv/work/Rosprj/catkin/build/CMakeFiles/CMakeTmp/CheckSymbolExists.cxx:8:19: error: 'Q_WS_MAC' was not declared in this scope
   return ((int*)(&Q_WS_MAC))[argc];
                   ^
CMakeFiles/cmTC_afc4d.dir/build.make:65: recipe for target 'CMakeFiles/cmTC_afc4d.dir/CheckSymbolExists.cxx.o' failed
make[2]: *** [CMakeFiles/cmTC_afc4d.dir/CheckSymbolExists.cxx.o] Error 1
make[2]: Leaving directory '/home/zyvv/work/Rosprj/catkin/build/CMakeFiles/CMakeTmp'
Makefile:126: recipe for target 'cmTC_afc4d/fast' failed
make[1]: *** [cmTC_afc4d/fast] Error 2
make[1]: Leaving directory '/home/zyvv/work/Rosprj/catkin/build/CMakeFiles/CMakeTmp'

File /home/zyvv/work/Rosprj/catkin/build/CMakeFiles/CMakeTmp/CheckSymbolExists.cxx:
/* */
#include <QtCore/qglobal.h>

int main(int argc, char** argv)
{
  (void)argv;
#ifndef Q_WS_MAC
  return ((int*)(&Q_WS_MAC))[argc];
#else
  (void)argc;
  return 0;
#endif
}

